<?xml version="1.0" encoding="UTF-8"?>
<!-- Generated by org.testng.reporters.JUnitReportReporter -->
<testsuite hostname="LBNL14359" name="DriverFactory.FactoryPatternTest" tests="1" failures="0" timestamp="12 Sep 2017 09:54:16 GMT" time="13.466" errors="0">
  <testcase name="test_login" time="13.466" classname="DriverFactory.FactoryPatternTest"/>
</testsuite> <!-- DriverFactory.FactoryPatternTest -->
