<?xml version="1.0" encoding="UTF-8"?>
<!-- Generated by org.testng.reporters.JUnitReportReporter -->
<testsuite hostname="LBNL9NDQTC2" failures="0" tests="1" name="TestNg.Login_test" time="13.928" errors="0" timestamp="16 jan. 2019 08:37:01 GMT" skipped="0">
  <testcase classname="TestNg.Login_test" name="test_login" time="13.928"/>
</testsuite> <!-- TestNg.Login_test -->
