<?xml version="1.0" encoding="UTF-8"?>
<!-- Generated by org.testng.reporters.JUnitReportReporter -->
<testsuite hostname="LBNL14359" name="TestNg.Authenticate_Scenarios_using_driver_manager" tests="1" failures="0" timestamp="12 Sep 2017 11:34:02 GMT" time="7.667" errors="0">
  <testcase name="test_login" time="7.667" classname="TestNg.Authenticate_Scenarios_using_driver_manager"/>
</testsuite> <!-- TestNg.Authenticate_Scenarios_using_driver_manager -->
