<?xml version="1.0" encoding="UTF-8"?>
<!-- Generated by org.testng.reporters.JUnitReportReporter -->
<testsuite hostname="LBNL14359" name="TestNg.NewTest" tests="1" failures="0" timestamp="12 Sep 2017 09:31:38 GMT" time="9.016" errors="0">
  <testcase name="test_setup" time="9.016" classname="TestNg.NewTest"/>
</testsuite> <!-- TestNg.NewTest -->
