<?xml version="1.0" encoding="UTF-8"?>
<!-- Generated by org.testng.reporters.JUnitReportReporter -->
<testsuite hostname="LBNL9NDQTC2" failures="0" tests="1" name="TestNg.PrintTestNg" time="0.007" errors="0" timestamp="15 jan. 2019 22:33:20 GMT" skipped="0">
  <testcase classname="TestNg.PrintTestNg" name="f" time="0.007"/>
</testsuite> <!-- TestNg.PrintTestNg -->
